{"total": {"lines":{"total":2381,"covered":1166,"skipped":0,"pct":48.97},"statements":{"total":2797,"covered":1297,"skipped":0,"pct":46.37},"functions":{"total":1020,"covered":417,"skipped":0,"pct":40.88},"branches":{"total":1855,"covered":705,"skipped":0,"pct":38},"branchesTrue":{"total":0,"covered":0,"skipped":0,"pct":100}}
,"/Users/yo_kuro/devNest/src/App.tsx": {"lines":{"total":55,"covered":0,"skipped":0,"pct":0},"functions":{"total":11,"covered":0,"skipped":0,"pct":0},"statements":{"total":55,"covered":0,"skipped":0,"pct":0},"branches":{"total":32,"covered":0,"skipped":0,"pct":0}}
,"/Users/yo_kuro/devNest/src/main.tsx": {"lines":{"total":1,"covered":0,"skipped":0,"pct":0},"functions":{"total":0,"covered":0,"skipped":0,"pct":100},"statements":{"total":1,"covered":0,"skipped":0,"pct":0},"branches":{"total":0,"covered":0,"skipped":0,"pct":100}}
,"/Users/yo_kuro/devNest/src/components/ai/AiAssistant.tsx": {"lines":{"total":17,"covered":0,"skipped":0,"pct":0},"functions":{"total":8,"covered":0,"skipped":0,"pct":0},"statements":{"total":19,"covered":0,"skipped":0,"pct":0},"branches":{"total":48,"covered":0,"skipped":0,"pct":0}}
,"/Users/yo_kuro/devNest/src/components/ai/ReviewPanel.tsx": {"lines":{"total":6,"covered":2,"skipped":0,"pct":33.33},"functions":{"total":4,"covered":0,"skipped":0,"pct":0},"statements":{"total":6,"covered":2,"skipped":0,"pct":33.33},"branches":{"total":12,"covered":0,"skipped":0,"pct":0}}
,"/Users/yo_kuro/devNest/src/components/conflict/ConflictBlockItem.tsx": {"lines":{"total":5,"covered":4,"skipped":0,"pct":80},"functions":{"total":5,"covered":4,"skipped":0,"pct":80},"statements":{"total":5,"covered":4,"skipped":0,"pct":80},"branches":{"total":20,"covered":16,"skipped":0,"pct":80}}
,"/Users/yo_kuro/devNest/src/components/conflict/ConflictFileListItem.tsx": {"lines":{"total":4,"covered":4,"skipped":0,"pct":100},"functions":{"total":1,"covered":1,"skipped":0,"pct":100},"statements":{"total":4,"covered":4,"skipped":0,"pct":100},"branches":{"total":16,"covered":15,"skipped":0,"pct":93.75}}
,"/Users/yo_kuro/devNest/src/components/editor/CodeViewer.tsx": {"lines":{"total":60,"covered":1,"skipped":0,"pct":1.66},"functions":{"total":16,"covered":0,"skipped":0,"pct":0},"statements":{"total":79,"covered":1,"skipped":0,"pct":1.26},"branches":{"total":84,"covered":0,"skipped":0,"pct":0}}
,"/Users/yo_kuro/devNest/src/components/editor/DocumentTree.tsx": {"lines":{"total":8,"covered":8,"skipped":0,"pct":100},"functions":{"total":3,"covered":3,"skipped":0,"pct":100},"statements":{"total":8,"covered":8,"skipped":0,"pct":100},"branches":{"total":14,"covered":13,"skipped":0,"pct":92.85}}
,"/Users/yo_kuro/devNest/src/components/editor/FileTreePanel.tsx": {"lines":{"total":52,"covered":1,"skipped":0,"pct":1.92},"functions":{"total":12,"covered":0,"skipped":0,"pct":0},"statements":{"total":55,"covered":1,"skipped":0,"pct":1.81},"branches":{"total":79,"covered":0,"skipped":0,"pct":0}}
,"/Users/yo_kuro/devNest/src/components/editor/LinkedIssuesPanel.tsx": {"lines":{"total":9,"covered":8,"skipped":0,"pct":88.88},"functions":{"total":7,"covered":5,"skipped":0,"pct":71.42},"statements":{"total":11,"covered":9,"skipped":0,"pct":81.81},"branches":{"total":16,"covered":15,"skipped":0,"pct":93.75}}
,"/Users/yo_kuro/devNest/src/components/editor/MarkdownEditor.tsx": {"lines":{"total":22,"covered":14,"skipped":0,"pct":63.63},"functions":{"total":6,"covered":4,"skipped":0,"pct":66.66},"statements":{"total":25,"covered":15,"skipped":0,"pct":60},"branches":{"total":10,"covered":4,"skipped":0,"pct":40}}
,"/Users/yo_kuro/devNest/src/components/editor/MarkdownPreview.tsx": {"lines":{"total":1,"covered":1,"skipped":0,"pct":100},"functions":{"total":1,"covered":1,"skipped":0,"pct":100},"statements":{"total":1,"covered":1,"skipped":0,"pct":100},"branches":{"total":0,"covered":0,"skipped":0,"pct":100}}
,"/Users/yo_kuro/devNest/src/components/editor/SaveStatusBar.tsx": {"lines":{"total":9,"covered":9,"skipped":0,"pct":100},"functions":{"total":2,"covered":2,"skipped":0,"pct":100},"statements":{"total":9,"covered":9,"skipped":0,"pct":100},"branches":{"total":16,"covered":15,"skipped":0,"pct":93.75}}
,"/Users/yo_kuro/devNest/src/components/editor/UnsavedWarningModal.tsx": {"lines":{"total":3,"covered":3,"skipped":0,"pct":100},"functions":{"total":2,"covered":2,"skipped":0,"pct":100},"statements":{"total":3,"covered":3,"skipped":0,"pct":100},"branches":{"total":0,"covered":0,"skipped":0,"pct":100}}
,"/Users/yo_kuro/devNest/src/components/issues/AIWizard.tsx": {"lines":{"total":17,"covered":12,"skipped":0,"pct":70.58},"functions":{"total":8,"covered":4,"skipped":0,"pct":50},"statements":{"total":18,"covered":12,"skipped":0,"pct":66.66},"branches":{"total":26,"covered":22,"skipped":0,"pct":84.61}}
,"/Users/yo_kuro/devNest/src/components/issues/IssueDetail.tsx": {"lines":{"total":17,"covered":17,"skipped":0,"pct":100},"functions":{"total":13,"covered":13,"skipped":0,"pct":100},"statements":{"total":20,"covered":20,"skipped":0,"pct":100},"branches":{"total":15,"covered":13,"skipped":0,"pct":86.66}}
,"/Users/yo_kuro/devNest/src/components/issues/IssueFilterBar.tsx": {"lines":{"total":4,"covered":4,"skipped":0,"pct":100},"functions":{"total":2,"covered":2,"skipped":0,"pct":100},"statements":{"total":4,"covered":4,"skipped":0,"pct":100},"branches":{"total":2,"covered":2,"skipped":0,"pct":100}}
,"/Users/yo_kuro/devNest/src/components/issues/IssueList.tsx": {"lines":{"total":7,"covered":7,"skipped":0,"pct":100},"functions":{"total":2,"covered":2,"skipped":0,"pct":100},"statements":{"total":7,"covered":7,"skipped":0,"pct":100},"branches":{"total":4,"covered":4,"skipped":0,"pct":100}}
,"/Users/yo_kuro/devNest/src/components/issues/IssueListItem.tsx": {"lines":{"total":7,"covered":6,"skipped":0,"pct":85.71},"functions":{"total":4,"covered":4,"skipped":0,"pct":100},"statements":{"total":7,"covered":6,"skipped":0,"pct":85.71},"branches":{"total":4,"covered":3,"skipped":0,"pct":75}}
,"/Users/yo_kuro/devNest/src/components/layout/Sidebar.tsx": {"lines":{"total":13,"covered":0,"skipped":0,"pct":0},"functions":{"total":9,"covered":0,"skipped":0,"pct":0},"statements":{"total":16,"covered":0,"skipped":0,"pct":0},"branches":{"total":28,"covered":0,"skipped":0,"pct":0}}
,"/Users/yo_kuro/devNest/src/components/notifications/EmptyState.tsx": {"lines":{"total":1,"covered":1,"skipped":0,"pct":100},"functions":{"total":1,"covered":1,"skipped":0,"pct":100},"statements":{"total":1,"covered":1,"skipped":0,"pct":100},"branches":{"total":0,"covered":0,"skipped":0,"pct":100}}
,"/Users/yo_kuro/devNest/src/components/notifications/EventTypeIcon.tsx": {"lines":{"total":8,"covered":7,"skipped":0,"pct":87.5},"functions":{"total":1,"covered":1,"skipped":0,"pct":100},"statements":{"total":8,"covered":7,"skipped":0,"pct":87.5},"branches":{"total":8,"covered":6,"skipped":0,"pct":75}}
,"/Users/yo_kuro/devNest/src/components/notifications/NotificationItem.tsx": {"lines":{"total":4,"covered":4,"skipped":0,"pct":100},"functions":{"total":3,"covered":3,"skipped":0,"pct":100},"statements":{"total":4,"covered":4,"skipped":0,"pct":100},"branches":{"total":10,"covered":10,"skipped":0,"pct":100}}
,"/Users/yo_kuro/devNest/src/components/notifications/PermissionBanner.tsx": {"lines":{"total":4,"covered":4,"skipped":0,"pct":100},"functions":{"total":1,"covered":1,"skipped":0,"pct":100},"statements":{"total":5,"covered":5,"skipped":0,"pct":100},"branches":{"total":4,"covered":4,"skipped":0,"pct":100}}
,"/Users/yo_kuro/devNest/src/components/pr/DiffHunkWithComments.tsx": {"lines":{"total":7,"covered":7,"skipped":0,"pct":100},"functions":{"total":5,"covered":5,"skipped":0,"pct":100},"statements":{"total":8,"covered":8,"skipped":0,"pct":100},"branches":{"total":16,"covered":15,"skipped":0,"pct":93.75}}
,"/Users/yo_kuro/devNest/src/components/pr/FileDiff.tsx": {"lines":{"total":4,"covered":4,"skipped":0,"pct":100},"functions":{"total":4,"covered":4,"skipped":0,"pct":100},"statements":{"total":5,"covered":5,"skipped":0,"pct":100},"branches":{"total":5,"covered":5,"skipped":0,"pct":100}}
,"/Users/yo_kuro/devNest/src/components/pr/FileDiffHeader.tsx": {"lines":{"total":1,"covered":1,"skipped":0,"pct":100},"functions":{"total":1,"covered":1,"skipped":0,"pct":100},"statements":{"total":1,"covered":1,"skipped":0,"pct":100},"branches":{"total":1,"covered":1,"skipped":0,"pct":100}}
,"/Users/yo_kuro/devNest/src/components/pr/InlineComment.tsx": {"lines":{"total":2,"covered":2,"skipped":0,"pct":100},"functions":{"total":1,"covered":1,"skipped":0,"pct":100},"statements":{"total":2,"covered":2,"skipped":0,"pct":100},"branches":{"total":2,"covered":2,"skipped":0,"pct":100}}
,"/Users/yo_kuro/devNest/src/components/pr/MergePanel.tsx": {"lines":{"total":4,"covered":4,"skipped":0,"pct":100},"functions":{"total":1,"covered":1,"skipped":0,"pct":100},"statements":{"total":4,"covered":4,"skipped":0,"pct":100},"branches":{"total":11,"covered":11,"skipped":0,"pct":100}}
,"/Users/yo_kuro/devNest/src/components/pr/PRDescriptionPanel.tsx": {"lines":{"total":2,"covered":2,"skipped":0,"pct":100},"functions":{"total":1,"covered":1,"skipped":0,"pct":100},"statements":{"total":2,"covered":2,"skipped":0,"pct":100},"branches":{"total":4,"covered":4,"skipped":0,"pct":100}}
,"/Users/yo_kuro/devNest/src/components/pr/PRDetailHeader.tsx": {"lines":{"total":13,"covered":7,"skipped":0,"pct":53.84},"functions":{"total":3,"covered":3,"skipped":0,"pct":100},"statements":{"total":13,"covered":7,"skipped":0,"pct":53.84},"branches":{"total":14,"covered":8,"skipped":0,"pct":57.14}}
,"/Users/yo_kuro/devNest/src/components/pr/PRDetailTabs.tsx": {"lines":{"total":6,"covered":6,"skipped":0,"pct":100},"functions":{"total":3,"covered":3,"skipped":0,"pct":100},"statements":{"total":6,"covered":6,"skipped":0,"pct":100},"branches":{"total":14,"covered":12,"skipped":0,"pct":85.71}}
,"/Users/yo_kuro/devNest/src/components/pr/PRFilterBar.tsx": {"lines":{"total":9,"covered":5,"skipped":0,"pct":55.55},"functions":{"total":7,"covered":3,"skipped":0,"pct":42.85},"statements":{"total":12,"covered":5,"skipped":0,"pct":41.66},"branches":{"total":18,"covered":12,"skipped":0,"pct":66.66}}
,"/Users/yo_kuro/devNest/src/components/pr/PRList.tsx": {"lines":{"total":7,"covered":7,"skipped":0,"pct":100},"functions":{"total":3,"covered":3,"skipped":0,"pct":100},"statements":{"total":7,"covered":7,"skipped":0,"pct":100},"branches":{"total":4,"covered":4,"skipped":0,"pct":100}}
,"/Users/yo_kuro/devNest/src/components/pr/PRListItem.tsx": {"lines":{"total":10,"covered":7,"skipped":0,"pct":70},"functions":{"total":3,"covered":3,"skipped":0,"pct":100},"statements":{"total":13,"covered":8,"skipped":0,"pct":61.53},"branches":{"total":16,"covered":11,"skipped":0,"pct":68.75}}
,"/Users/yo_kuro/devNest/src/components/pr/ReviewItem.tsx": {"lines":{"total":3,"covered":3,"skipped":0,"pct":100},"functions":{"total":2,"covered":2,"skipped":0,"pct":100},"statements":{"total":3,"covered":3,"skipped":0,"pct":100},"branches":{"total":10,"covered":10,"skipped":0,"pct":100}}
,"/Users/yo_kuro/devNest/src/components/pr/ReviewList.tsx": {"lines":{"total":2,"covered":2,"skipped":0,"pct":100},"functions":{"total":2,"covered":2,"skipped":0,"pct":100},"statements":{"total":2,"covered":2,"skipped":0,"pct":100},"branches":{"total":2,"covered":2,"skipped":0,"pct":100}}
,"/Users/yo_kuro/devNest/src/components/pr/ReviewPanel.tsx": {"lines":{"total":9,"covered":8,"skipped":0,"pct":88.88},"functions":{"total":5,"covered":4,"skipped":0,"pct":80},"statements":{"total":9,"covered":8,"skipped":0,"pct":88.88},"branches":{"total":4,"covered":4,"skipped":0,"pct":100}}
,"/Users/yo_kuro/devNest/src/components/pr/TabCodeDiff.tsx": {"lines":{"total":24,"covered":23,"skipped":0,"pct":95.83},"functions":{"total":12,"covered":11,"skipped":0,"pct":91.66},"statements":{"total":26,"covered":24,"skipped":0,"pct":92.3},"branches":{"total":25,"covered":23,"skipped":0,"pct":92}}
,"/Users/yo_kuro/devNest/src/components/pr/TabOverview.tsx": {"lines":{"total":3,"covered":3,"skipped":0,"pct":100},"functions":{"total":2,"covered":2,"skipped":0,"pct":100},"statements":{"total":3,"covered":3,"skipped":0,"pct":100},"branches":{"total":2,"covered":2,"skipped":0,"pct":100}}
,"/Users/yo_kuro/devNest/src/components/search/DocumentPreview.tsx": {"lines":{"total":6,"covered":6,"skipped":0,"pct":100},"functions":{"total":3,"covered":3,"skipped":0,"pct":100},"statements":{"total":6,"covered":6,"skipped":0,"pct":100},"branches":{"total":4,"covered":3,"skipped":0,"pct":75}}
,"/Users/yo_kuro/devNest/src/components/search/SearchBar.tsx": {"lines":{"total":10,"covered":6,"skipped":0,"pct":60},"functions":{"total":10,"covered":5,"skipped":0,"pct":50},"statements":{"total":11,"covered":6,"skipped":0,"pct":54.54},"branches":{"total":12,"covered":9,"skipped":0,"pct":75}}
,"/Users/yo_kuro/devNest/src/components/search/SearchResultItem.tsx": {"lines":{"total":2,"covered":2,"skipped":0,"pct":100},"functions":{"total":1,"covered":1,"skipped":0,"pct":100},"statements":{"total":2,"covered":2,"skipped":0,"pct":100},"branches":{"total":6,"covered":6,"skipped":0,"pct":100}}
,"/Users/yo_kuro/devNest/src/components/search/SearchResultList.tsx": {"lines":{"total":7,"covered":7,"skipped":0,"pct":100},"functions":{"total":3,"covered":3,"skipped":0,"pct":100},"statements":{"total":7,"covered":7,"skipped":0,"pct":100},"branches":{"total":10,"covered":10,"skipped":0,"pct":100}}
,"/Users/yo_kuro/devNest/src/components/shared/AsyncButton.tsx": {"lines":{"total":3,"covered":3,"skipped":0,"pct":100},"functions":{"total":1,"covered":1,"skipped":0,"pct":100},"statements":{"total":3,"covered":3,"skipped":0,"pct":100},"branches":{"total":10,"covered":10,"skipped":0,"pct":100}}
,"/Users/yo_kuro/devNest/src/components/shared/FilePicker.tsx": {"lines":{"total":6,"covered":6,"skipped":0,"pct":100},"functions":{"total":2,"covered":2,"skipped":0,"pct":100},"statements":{"total":7,"covered":6,"skipped":0,"pct":85.71},"branches":{"total":9,"covered":8,"skipped":0,"pct":88.88}}
,"/Users/yo_kuro/devNest/src/components/shared/IndexProgressBar.tsx": {"lines":{"total":2,"covered":2,"skipped":0,"pct":100},"functions":{"total":1,"covered":1,"skipped":0,"pct":100},"statements":{"total":2,"covered":2,"skipped":0,"pct":100},"branches":{"total":4,"covered":4,"skipped":0,"pct":100}}
,"/Users/yo_kuro/devNest/src/components/shared/SetupStepDots.tsx": {"lines":{"total":6,"covered":6,"skipped":0,"pct":100},"functions":{"total":3,"covered":3,"skipped":0,"pct":100},"statements":{"total":7,"covered":7,"skipped":0,"pct":100},"branches":{"total":12,"covered":12,"skipped":0,"pct":100}}
,"/Users/yo_kuro/devNest/src/components/shared/StatusPill.tsx": {"lines":{"total":5,"covered":5,"skipped":0,"pct":100},"functions":{"total":1,"covered":1,"skipped":0,"pct":100},"statements":{"total":6,"covered":6,"skipped":0,"pct":100},"branches":{"total":4,"covered":4,"skipped":0,"pct":100}}
,"/Users/yo_kuro/devNest/src/components/terminal/PRCreateModal.tsx": {"lines":{"total":8,"covered":7,"skipped":0,"pct":87.5},"functions":{"total":5,"covered":4,"skipped":0,"pct":80},"statements":{"total":9,"covered":7,"skipped":0,"pct":77.77},"branches":{"total":11,"covered":10,"skipped":0,"pct":90.9}}
,"/Users/yo_kuro/devNest/src/components/terminal/PRCreatedBanner.tsx": {"lines":{"total":1,"covered":1,"skipped":0,"pct":100},"functions":{"total":1,"covered":1,"skipped":0,"pct":100},"statements":{"total":1,"covered":1,"skipped":0,"pct":100},"branches":{"total":2,"covered":2,"skipped":0,"pct":100}}
,"/Users/yo_kuro/devNest/src/components/terminal/PRReadyBanner.tsx": {"lines":{"total":1,"covered":1,"skipped":0,"pct":100},"functions":{"total":1,"covered":1,"skipped":0,"pct":100},"statements":{"total":1,"covered":1,"skipped":0,"pct":100},"branches":{"total":2,"covered":2,"skipped":0,"pct":100}}
,"/Users/yo_kuro/devNest/src/components/ui/badge.tsx": {"lines":{"total":2,"covered":2,"skipped":0,"pct":100},"functions":{"total":1,"covered":1,"skipped":0,"pct":100},"statements":{"total":2,"covered":2,"skipped":0,"pct":100},"branches":{"total":0,"covered":0,"skipped":0,"pct":100}}
,"/Users/yo_kuro/devNest/src/components/ui/button.tsx": {"lines":{"total":5,"covered":5,"skipped":0,"pct":100},"functions":{"total":1,"covered":1,"skipped":0,"pct":100},"statements":{"total":5,"covered":5,"skipped":0,"pct":100},"branches":{"total":3,"covered":2,"skipped":0,"pct":66.66}}
,"/Users/yo_kuro/devNest/src/components/ui/card.tsx": {"lines":{"total":15,"covered":0,"skipped":0,"pct":0},"functions":{"total":5,"covered":0,"skipped":0,"pct":0},"statements":{"total":15,"covered":0,"skipped":0,"pct":0},"branches":{"total":0,"covered":0,"skipped":0,"pct":100}}
,"/Users/yo_kuro/devNest/src/components/ui/dialog.tsx": {"lines":{"total":22,"covered":0,"skipped":0,"pct":0},"functions":{"total":6,"covered":0,"skipped":0,"pct":0},"statements":{"total":22,"covered":0,"skipped":0,"pct":0},"branches":{"total":0,"covered":0,"skipped":0,"pct":100}}
,"/Users/yo_kuro/devNest/src/components/ui/input.tsx": {"lines":{"total":3,"covered":3,"skipped":0,"pct":100},"functions":{"total":1,"covered":1,"skipped":0,"pct":100},"statements":{"total":3,"covered":3,"skipped":0,"pct":100},"branches":{"total":0,"covered":0,"skipped":0,"pct":100}}
,"/Users/yo_kuro/devNest/src/components/ui/label.tsx": {"lines":{"total":4,"covered":4,"skipped":0,"pct":100},"functions":{"total":1,"covered":1,"skipped":0,"pct":100},"statements":{"total":4,"covered":4,"skipped":0,"pct":100},"branches":{"total":0,"covered":0,"skipped":0,"pct":100}}
,"/Users/yo_kuro/devNest/src/components/ui/scroll-area.tsx": {"lines":{"total":6,"covered":0,"skipped":0,"pct":0},"functions":{"total":2,"covered":0,"skipped":0,"pct":0},"statements":{"total":6,"covered":0,"skipped":0,"pct":0},"branches":{"total":5,"covered":0,"skipped":0,"pct":0}}
,"/Users/yo_kuro/devNest/src/components/ui/separator.tsx": {"lines":{"total":3,"covered":0,"skipped":0,"pct":0},"functions":{"total":1,"covered":0,"skipped":0,"pct":0},"statements":{"total":3,"covered":0,"skipped":0,"pct":0},"branches":{"total":4,"covered":0,"skipped":0,"pct":0}}
,"/Users/yo_kuro/devNest/src/components/ui/switch.tsx": {"lines":{"total":3,"covered":0,"skipped":0,"pct":0},"functions":{"total":1,"covered":0,"skipped":0,"pct":0},"statements":{"total":3,"covered":0,"skipped":0,"pct":0},"branches":{"total":0,"covered":0,"skipped":0,"pct":100}}
,"/Users/yo_kuro/devNest/src/components/ui/tabs.tsx": {"lines":{"total":10,"covered":0,"skipped":0,"pct":0},"functions":{"total":3,"covered":0,"skipped":0,"pct":0},"statements":{"total":10,"covered":0,"skipped":0,"pct":0},"branches":{"total":0,"covered":0,"skipped":0,"pct":100}}
,"/Users/yo_kuro/devNest/src/components/ui/textarea.tsx": {"lines":{"total":3,"covered":3,"skipped":0,"pct":100},"functions":{"total":1,"covered":1,"skipped":0,"pct":100},"statements":{"total":3,"covered":3,"skipped":0,"pct":100},"branches":{"total":0,"covered":0,"skipped":0,"pct":100}}
,"/Users/yo_kuro/devNest/src/components/ui/tooltip.tsx": {"lines":{"total":6,"covered":0,"skipped":0,"pct":0},"functions":{"total":1,"covered":0,"skipped":0,"pct":0},"statements":{"total":6,"covered":0,"skipped":0,"pct":0},"branches":{"total":1,"covered":0,"skipped":0,"pct":0}}
,"/Users/yo_kuro/devNest/src/lib/diffParser.ts": {"lines":{"total":32,"covered":32,"skipped":0,"pct":100},"functions":{"total":1,"covered":1,"skipped":0,"pct":100},"statements":{"total":36,"covered":36,"skipped":0,"pct":100},"branches":{"total":20,"covered":19,"skipped":0,"pct":95}}
,"/Users/yo_kuro/devNest/src/lib/highlightKeyword.ts": {"lines":{"total":5,"covered":5,"skipped":0,"pct":100},"functions":{"total":2,"covered":2,"skipped":0,"pct":100},"statements":{"total":6,"covered":6,"skipped":0,"pct":100},"branches":{"total":4,"covered":4,"skipped":0,"pct":100}}
,"/Users/yo_kuro/devNest/src/lib/ipc.ts": {"lines":{"total":119,"covered":108,"skipped":0,"pct":90.75},"functions":{"total":109,"covered":7,"skipped":0,"pct":6.42},"statements":{"total":215,"covered":113,"skipped":0,"pct":52.55},"branches":{"total":2,"covered":0,"skipped":0,"pct":0}}
,"/Users/yo_kuro/devNest/src/lib/langDetect.ts": {"lines":{"total":24,"covered":0,"skipped":0,"pct":0},"functions":{"total":2,"covered":0,"skipped":0,"pct":0},"statements":{"total":24,"covered":0,"skipped":0,"pct":0},"branches":{"total":22,"covered":0,"skipped":0,"pct":0}}
,"/Users/yo_kuro/devNest/src/lib/relativeTime.ts": {"lines":{"total":7,"covered":7,"skipped":0,"pct":100},"functions":{"total":1,"covered":1,"skipped":0,"pct":100},"statements":{"total":10,"covered":10,"skipped":0,"pct":100},"branches":{"total":6,"covered":6,"skipped":0,"pct":100}}
,"/Users/yo_kuro/devNest/src/lib/utils.ts": {"lines":{"total":1,"covered":1,"skipped":0,"pct":100},"functions":{"total":1,"covered":1,"skipped":0,"pct":100},"statements":{"total":1,"covered":1,"skipped":0,"pct":100},"branches":{"total":0,"covered":0,"skipped":0,"pct":100}}
,"/Users/yo_kuro/devNest/src/screens/AnalyticsScreen.tsx": {"lines":{"total":29,"covered":0,"skipped":0,"pct":0},"functions":{"total":12,"covered":0,"skipped":0,"pct":0},"statements":{"total":35,"covered":0,"skipped":0,"pct":0},"branches":{"total":49,"covered":0,"skipped":0,"pct":0}}
,"/Users/yo_kuro/devNest/src/screens/CollaborationScreen.tsx": {"lines":{"total":56,"covered":0,"skipped":0,"pct":0},"functions":{"total":22,"covered":0,"skipped":0,"pct":0},"statements":{"total":63,"covered":0,"skipped":0,"pct":0},"branches":{"total":59,"covered":0,"skipped":0,"pct":0}}
,"/Users/yo_kuro/devNest/src/screens/ConflictScreen.tsx": {"lines":{"total":41,"covered":28,"skipped":0,"pct":68.29},"functions":{"total":17,"covered":11,"skipped":0,"pct":64.7},"statements":{"total":45,"covered":31,"skipped":0,"pct":68.88},"branches":{"total":37,"covered":31,"skipped":0,"pct":83.78}}
,"/Users/yo_kuro/devNest/src/screens/EditorScreen.tsx": {"lines":{"total":179,"covered":45,"skipped":0,"pct":25.13},"functions":{"total":56,"covered":3,"skipped":0,"pct":5.35},"statements":{"total":210,"covered":47,"skipped":0,"pct":22.38},"branches":{"total":161,"covered":11,"skipped":0,"pct":6.83}}
,"/Users/yo_kuro/devNest/src/screens/IssuesScreen.tsx": {"lines":{"total":129,"covered":75,"skipped":0,"pct":58.13},"functions":{"total":54,"covered":22,"skipped":0,"pct":40.74},"statements":{"total":148,"covered":84,"skipped":0,"pct":56.75},"branches":{"total":113,"covered":42,"skipped":0,"pct":37.16}}
,"/Users/yo_kuro/devNest/src/screens/KanbanScreen.tsx": {"lines":{"total":42,"covered":0,"skipped":0,"pct":0},"functions":{"total":21,"covered":0,"skipped":0,"pct":0},"statements":{"total":54,"covered":0,"skipped":0,"pct":0},"branches":{"total":40,"covered":0,"skipped":0,"pct":0}}
,"/Users/yo_kuro/devNest/src/screens/MaintenanceScreen.tsx": {"lines":{"total":90,"covered":0,"skipped":0,"pct":0},"functions":{"total":49,"covered":0,"skipped":0,"pct":0},"statements":{"total":113,"covered":0,"skipped":0,"pct":0},"branches":{"total":126,"covered":0,"skipped":0,"pct":0}}
,"/Users/yo_kuro/devNest/src/screens/McpScreen.tsx": {"lines":{"total":45,"covered":0,"skipped":0,"pct":0},"functions":{"total":15,"covered":0,"skipped":0,"pct":0},"statements":{"total":50,"covered":0,"skipped":0,"pct":0},"branches":{"total":41,"covered":0,"skipped":0,"pct":0}}
,"/Users/yo_kuro/devNest/src/screens/NotificationsScreen.tsx": {"lines":{"total":11,"covered":11,"skipped":0,"pct":100},"functions":{"total":6,"covered":6,"skipped":0,"pct":100},"statements":{"total":12,"covered":12,"skipped":0,"pct":100},"branches":{"total":15,"covered":15,"skipped":0,"pct":100}}
,"/Users/yo_kuro/devNest/src/screens/PRScreen.tsx": {"lines":{"total":86,"covered":51,"skipped":0,"pct":59.3},"functions":{"total":69,"covered":40,"skipped":0,"pct":57.97},"statements":{"total":126,"covered":83,"skipped":0,"pct":65.87},"branches":{"total":44,"covered":13,"skipped":0,"pct":29.54}}
,"/Users/yo_kuro/devNest/src/screens/SearchScreen.tsx": {"lines":{"total":26,"covered":16,"skipped":0,"pct":61.53},"functions":{"total":10,"covered":5,"skipped":0,"pct":50},"statements":{"total":32,"covered":19,"skipped":0,"pct":59.37},"branches":{"total":17,"covered":7,"skipped":0,"pct":41.17}}
,"/Users/yo_kuro/devNest/src/screens/SettingsScreen.tsx": {"lines":{"total":64,"covered":38,"skipped":0,"pct":59.37},"functions":{"total":19,"covered":9,"skipped":0,"pct":47.36},"statements":{"total":74,"covered":39,"skipped":0,"pct":52.7},"branches":{"total":56,"covered":32,"skipped":0,"pct":57.14}}
,"/Users/yo_kuro/devNest/src/screens/SetupScreen.tsx": {"lines":{"total":114,"covered":56,"skipped":0,"pct":49.12},"functions":{"total":45,"covered":17,"skipped":0,"pct":37.77},"statements":{"total":121,"covered":57,"skipped":0,"pct":47.1},"branches":{"total":89,"covered":38,"skipped":0,"pct":42.69}}
,"/Users/yo_kuro/devNest/src/screens/TerminalScreen.tsx": {"lines":{"total":98,"covered":48,"skipped":0,"pct":48.97},"functions":{"total":33,"covered":13,"skipped":0,"pct":39.39},"statements":{"total":119,"covered":57,"skipped":0,"pct":47.89},"branches":{"total":75,"covered":31,"skipped":0,"pct":41.33}}
,"/Users/yo_kuro/devNest/src/stores/aiStore.ts": {"lines":{"total":20,"covered":1,"skipped":0,"pct":5},"functions":{"total":6,"covered":1,"skipped":0,"pct":16.66},"statements":{"total":21,"covered":2,"skipped":0,"pct":9.52},"branches":{"total":4,"covered":0,"skipped":0,"pct":0}}
,"/Users/yo_kuro/devNest/src/stores/analyticsStore.ts": {"lines":{"total":16,"covered":0,"skipped":0,"pct":0},"functions":{"total":4,"covered":0,"skipped":0,"pct":0},"statements":{"total":17,"covered":0,"skipped":0,"pct":0},"branches":{"total":1,"covered":0,"skipped":0,"pct":0}}
,"/Users/yo_kuro/devNest/src/stores/conflictStore.ts": {"lines":{"total":49,"covered":44,"skipped":0,"pct":89.79},"functions":{"total":24,"covered":24,"skipped":0,"pct":100},"statements":{"total":59,"covered":53,"skipped":0,"pct":89.83},"branches":{"total":20,"covered":16,"skipped":0,"pct":80}}
,"/Users/yo_kuro/devNest/src/stores/documentStore.ts": {"lines":{"total":77,"covered":43,"skipped":0,"pct":55.84},"functions":{"total":29,"covered":15,"skipped":0,"pct":51.72},"statements":{"total":86,"covered":48,"skipped":0,"pct":55.81},"branches":{"total":24,"covered":13,"skipped":0,"pct":54.16}}
,"/Users/yo_kuro/devNest/src/stores/issueStore.ts": {"lines":{"total":74,"covered":50,"skipped":0,"pct":67.56},"functions":{"total":34,"covered":22,"skipped":0,"pct":64.7},"statements":{"total":82,"covered":55,"skipped":0,"pct":67.07},"branches":{"total":20,"covered":8,"skipped":0,"pct":40}}
,"/Users/yo_kuro/devNest/src/stores/kanbanStore.ts": {"lines":{"total":17,"covered":0,"skipped":0,"pct":0},"functions":{"total":6,"covered":0,"skipped":0,"pct":0},"statements":{"total":19,"covered":0,"skipped":0,"pct":0},"branches":{"total":2,"covered":0,"skipped":0,"pct":0}}
,"/Users/yo_kuro/devNest/src/stores/maintenanceStore.ts": {"lines":{"total":37,"covered":0,"skipped":0,"pct":0},"functions":{"total":8,"covered":0,"skipped":0,"pct":0},"statements":{"total":38,"covered":0,"skipped":0,"pct":0},"branches":{"total":1,"covered":0,"skipped":0,"pct":0}}
,"/Users/yo_kuro/devNest/src/stores/notificationsStore.ts": {"lines":{"total":41,"covered":33,"skipped":0,"pct":80.48},"functions":{"total":25,"covered":15,"skipped":0,"pct":60},"statements":{"total":52,"covered":41,"skipped":0,"pct":78.84},"branches":{"total":20,"covered":17,"skipped":0,"pct":85}}
,"/Users/yo_kuro/devNest/src/stores/prStore.ts": {"lines":{"total":95,"covered":73,"skipped":0,"pct":76.84},"functions":{"total":27,"covered":18,"skipped":0,"pct":66.66},"statements":{"total":102,"covered":77,"skipped":0,"pct":75.49},"branches":{"total":22,"covered":11,"skipped":0,"pct":50}}
,"/Users/yo_kuro/devNest/src/stores/projectStore.ts": {"lines":{"total":49,"covered":42,"skipped":0,"pct":85.71},"functions":{"total":19,"covered":15,"skipped":0,"pct":78.94},"statements":{"total":53,"covered":46,"skipped":0,"pct":86.79},"branches":{"total":14,"covered":8,"skipped":0,"pct":57.14}}
,"/Users/yo_kuro/devNest/src/stores/searchStore.ts": {"lines":{"total":30,"covered":22,"skipped":0,"pct":73.33},"functions":{"total":10,"covered":8,"skipped":0,"pct":80},"statements":{"total":33,"covered":24,"skipped":0,"pct":72.72},"branches":{"total":10,"covered":7,"skipped":0,"pct":70}}
,"/Users/yo_kuro/devNest/src/stores/settingsStore.ts": {"lines":{"total":48,"covered":32,"skipped":0,"pct":66.66},"functions":{"total":16,"covered":12,"skipped":0,"pct":75},"statements":{"total":49,"covered":33,"skipped":0,"pct":67.34},"branches":{"total":16,"covered":11,"skipped":0,"pct":68.75}}
,"/Users/yo_kuro/devNest/src/stores/terminalStore.ts": {"lines":{"total":33,"covered":23,"skipped":0,"pct":69.69},"functions":{"total":21,"covered":11,"skipped":0,"pct":52.38},"statements":{"total":40,"covered":27,"skipped":0,"pct":67.5},"branches":{"total":22,"covered":13,"skipped":0,"pct":59.09}}
,"/Users/yo_kuro/devNest/src/stores/uiStore.ts": {"lines":{"total":18,"covered":5,"skipped":0,"pct":27.77},"functions":{"total":14,"covered":5,"skipped":0,"pct":35.71},"statements":{"total":21,"covered":7,"skipped":0,"pct":33.33},"branches":{"total":8,"covered":2,"skipped":0,"pct":25}}
,"/Users/yo_kuro/devNest/src/types/index.ts": {"lines":{"total":0,"covered":0,"skipped":0,"pct":100},"functions":{"total":0,"covered":0,"skipped":0,"pct":100},"statements":{"total":0,"covered":0,"skipped":0,"pct":100},"branches":{"total":0,"covered":0,"skipped":0,"pct":100}}
}
