{"total": {"lines":{"total":3186,"covered":2768,"skipped":0,"pct":86.88},"statements":{"total":3727,"covered":3190,"skipped":0,"pct":85.59},"functions":{"total":1393,"covered":1196,"skipped":0,"pct":85.85},"branches":{"total":2526,"covered":1912,"skipped":0,"pct":75.69},"branchesTrue":{"total":0,"covered":0,"skipped":0,"pct":100}}
,"/Users/yo_kuro/devNest/src/App.tsx": {"lines":{"total":68,"covered":0,"skipped":0,"pct":0},"functions":{"total":14,"covered":0,"skipped":0,"pct":0},"statements":{"total":69,"covered":0,"skipped":0,"pct":0},"branches":{"total":36,"covered":0,"skipped":0,"pct":0}}
,"/Users/yo_kuro/devNest/src/main.tsx": {"lines":{"total":1,"covered":0,"skipped":0,"pct":0},"functions":{"total":0,"covered":0,"skipped":0,"pct":100},"statements":{"total":1,"covered":0,"skipped":0,"pct":0},"branches":{"total":0,"covered":0,"skipped":0,"pct":100}}
,"/Users/yo_kuro/devNest/src/components/Browser/BrowserContextBar.tsx": {"lines":{"total":10,"covered":10,"skipped":0,"pct":100},"functions":{"total":5,"covered":5,"skipped":0,"pct":100},"statements":{"total":12,"covered":11,"skipped":0,"pct":91.66},"branches":{"total":12,"covered":11,"skipped":0,"pct":91.66}}
,"/Users/yo_kuro/devNest/src/components/Browser/BrowserPanel.tsx": {"lines":{"total":16,"covered":16,"skipped":0,"pct":100},"functions":{"total":7,"covered":6,"skipped":0,"pct":85.71},"statements":{"total":16,"covered":16,"skipped":0,"pct":100},"branches":{"total":6,"covered":6,"skipped":0,"pct":100}}
,"/Users/yo_kuro/devNest/src/components/SplitPane/PaneRenderer.tsx": {"lines":{"total":12,"covered":12,"skipped":0,"pct":100},"functions":{"total":4,"covered":4,"skipped":0,"pct":100},"statements":{"total":12,"covered":12,"skipped":0,"pct":100},"branches":{"total":6,"covered":6,"skipped":0,"pct":100}}
,"/Users/yo_kuro/devNest/src/components/SplitPane/SplitPaneContainer.tsx": {"lines":{"total":52,"covered":52,"skipped":0,"pct":100},"functions":{"total":16,"covered":16,"skipped":0,"pct":100},"statements":{"total":57,"covered":57,"skipped":0,"pct":100},"branches":{"total":30,"covered":29,"skipped":0,"pct":96.66}}
,"/Users/yo_kuro/devNest/src/components/SplitPane/presets.ts": {"lines":{"total":2,"covered":2,"skipped":0,"pct":100},"functions":{"total":0,"covered":0,"skipped":0,"pct":100},"statements":{"total":2,"covered":2,"skipped":0,"pct":100},"branches":{"total":0,"covered":0,"skipped":0,"pct":100}}
,"/Users/yo_kuro/devNest/src/components/SplitPane/types.ts": {"lines":{"total":1,"covered":1,"skipped":0,"pct":100},"functions":{"total":1,"covered":1,"skipped":0,"pct":100},"statements":{"total":1,"covered":1,"skipped":0,"pct":100},"branches":{"total":0,"covered":0,"skipped":0,"pct":100}}
,"/Users/yo_kuro/devNest/src/components/ai/AiAssistant.tsx": {"lines":{"total":17,"covered":17,"skipped":0,"pct":100},"functions":{"total":8,"covered":8,"skipped":0,"pct":100},"statements":{"total":19,"covered":17,"skipped":0,"pct":89.47},"branches":{"total":48,"covered":45,"skipped":0,"pct":93.75}}
,"/Users/yo_kuro/devNest/src/components/ai/ReviewPanel.tsx": {"lines":{"total":6,"covered":6,"skipped":0,"pct":100},"functions":{"total":4,"covered":4,"skipped":0,"pct":100},"statements":{"total":6,"covered":6,"skipped":0,"pct":100},"branches":{"total":12,"covered":11,"skipped":0,"pct":91.66}}
,"/Users/yo_kuro/devNest/src/components/conflict/ConflictBlockItem.tsx": {"lines":{"total":5,"covered":5,"skipped":0,"pct":100},"functions":{"total":5,"covered":5,"skipped":0,"pct":100},"statements":{"total":5,"covered":5,"skipped":0,"pct":100},"branches":{"total":20,"covered":16,"skipped":0,"pct":80}}
,"/Users/yo_kuro/devNest/src/components/conflict/ConflictFileListItem.tsx": {"lines":{"total":4,"covered":4,"skipped":0,"pct":100},"functions":{"total":1,"covered":1,"skipped":0,"pct":100},"statements":{"total":4,"covered":4,"skipped":0,"pct":100},"branches":{"total":16,"covered":15,"skipped":0,"pct":93.75}}
,"/Users/yo_kuro/devNest/src/components/editor/CodeViewer.tsx": {"lines":{"total":60,"covered":1,"skipped":0,"pct":1.66},"functions":{"total":16,"covered":0,"skipped":0,"pct":0},"statements":{"total":79,"covered":1,"skipped":0,"pct":1.26},"branches":{"total":84,"covered":0,"skipped":0,"pct":0}}
,"/Users/yo_kuro/devNest/src/components/editor/DocumentTree.tsx": {"lines":{"total":8,"covered":8,"skipped":0,"pct":100},"functions":{"total":3,"covered":3,"skipped":0,"pct":100},"statements":{"total":8,"covered":8,"skipped":0,"pct":100},"branches":{"total":14,"covered":13,"skipped":0,"pct":92.85}}
,"/Users/yo_kuro/devNest/src/components/editor/FileTreePanel.tsx": {"lines":{"total":52,"covered":1,"skipped":0,"pct":1.92},"functions":{"total":12,"covered":0,"skipped":0,"pct":0},"statements":{"total":55,"covered":1,"skipped":0,"pct":1.81},"branches":{"total":79,"covered":0,"skipped":0,"pct":0}}
,"/Users/yo_kuro/devNest/src/components/editor/LinkedIssuesPanel.tsx": {"lines":{"total":9,"covered":9,"skipped":0,"pct":100},"functions":{"total":7,"covered":7,"skipped":0,"pct":100},"statements":{"total":11,"covered":11,"skipped":0,"pct":100},"branches":{"total":18,"covered":18,"skipped":0,"pct":100}}
,"/Users/yo_kuro/devNest/src/components/editor/MarkdownEditor.tsx": {"lines":{"total":22,"covered":22,"skipped":0,"pct":100},"functions":{"total":6,"covered":6,"skipped":0,"pct":100},"statements":{"total":25,"covered":25,"skipped":0,"pct":100},"branches":{"total":10,"covered":9,"skipped":0,"pct":90}}
,"/Users/yo_kuro/devNest/src/components/editor/MarkdownPreview.tsx": {"lines":{"total":1,"covered":1,"skipped":0,"pct":100},"functions":{"total":1,"covered":1,"skipped":0,"pct":100},"statements":{"total":1,"covered":1,"skipped":0,"pct":100},"branches":{"total":0,"covered":0,"skipped":0,"pct":100}}
,"/Users/yo_kuro/devNest/src/components/editor/SaveStatusBar.tsx": {"lines":{"total":9,"covered":9,"skipped":0,"pct":100},"functions":{"total":2,"covered":2,"skipped":0,"pct":100},"statements":{"total":9,"covered":9,"skipped":0,"pct":100},"branches":{"total":16,"covered":15,"skipped":0,"pct":93.75}}
,"/Users/yo_kuro/devNest/src/components/editor/UnsavedWarningModal.tsx": {"lines":{"total":3,"covered":3,"skipped":0,"pct":100},"functions":{"total":2,"covered":2,"skipped":0,"pct":100},"statements":{"total":3,"covered":3,"skipped":0,"pct":100},"branches":{"total":0,"covered":0,"skipped":0,"pct":100}}
,"/Users/yo_kuro/devNest/src/components/issues/AIWizard.tsx": {"lines":{"total":17,"covered":17,"skipped":0,"pct":100},"functions":{"total":8,"covered":8,"skipped":0,"pct":100},"statements":{"total":18,"covered":17,"skipped":0,"pct":94.44},"branches":{"total":26,"covered":23,"skipped":0,"pct":88.46}}
,"/Users/yo_kuro/devNest/src/components/issues/IssueDetail.tsx": {"lines":{"total":17,"covered":17,"skipped":0,"pct":100},"functions":{"total":13,"covered":13,"skipped":0,"pct":100},"statements":{"total":20,"covered":20,"skipped":0,"pct":100},"branches":{"total":15,"covered":13,"skipped":0,"pct":86.66}}
,"/Users/yo_kuro/devNest/src/components/issues/IssueFilterBar.tsx": {"lines":{"total":4,"covered":4,"skipped":0,"pct":100},"functions":{"total":2,"covered":2,"skipped":0,"pct":100},"statements":{"total":4,"covered":4,"skipped":0,"pct":100},"branches":{"total":2,"covered":2,"skipped":0,"pct":100}}
,"/Users/yo_kuro/devNest/src/components/issues/IssueList.tsx": {"lines":{"total":7,"covered":7,"skipped":0,"pct":100},"functions":{"total":2,"covered":2,"skipped":0,"pct":100},"statements":{"total":7,"covered":7,"skipped":0,"pct":100},"branches":{"total":4,"covered":4,"skipped":0,"pct":100}}
,"/Users/yo_kuro/devNest/src/components/issues/IssueListItem.tsx": {"lines":{"total":7,"covered":6,"skipped":0,"pct":85.71},"functions":{"total":4,"covered":4,"skipped":0,"pct":100},"statements":{"total":7,"covered":6,"skipped":0,"pct":85.71},"branches":{"total":4,"covered":3,"skipped":0,"pct":75}}
,"/Users/yo_kuro/devNest/src/components/layout/CommandPalette.tsx": {"lines":{"total":39,"covered":0,"skipped":0,"pct":0},"functions":{"total":15,"covered":0,"skipped":0,"pct":0},"statements":{"total":44,"covered":0,"skipped":0,"pct":0},"branches":{"total":32,"covered":0,"skipped":0,"pct":0}}
,"/Users/yo_kuro/devNest/src/components/layout/Header.tsx": {"lines":{"total":56,"covered":0,"skipped":0,"pct":0},"functions":{"total":25,"covered":0,"skipped":0,"pct":0},"statements":{"total":69,"covered":0,"skipped":0,"pct":0},"branches":{"total":49,"covered":0,"skipped":0,"pct":0}}
,"/Users/yo_kuro/devNest/src/components/layout/Sidebar.tsx": {"lines":{"total":39,"covered":0,"skipped":0,"pct":0},"functions":{"total":29,"covered":0,"skipped":0,"pct":0},"statements":{"total":51,"covered":0,"skipped":0,"pct":0},"branches":{"total":58,"covered":0,"skipped":0,"pct":0}}
,"/Users/yo_kuro/devNest/src/components/notifications/EmptyState.tsx": {"lines":{"total":1,"covered":1,"skipped":0,"pct":100},"functions":{"total":1,"covered":1,"skipped":0,"pct":100},"statements":{"total":1,"covered":1,"skipped":0,"pct":100},"branches":{"total":0,"covered":0,"skipped":0,"pct":100}}
,"/Users/yo_kuro/devNest/src/components/notifications/EventTypeIcon.tsx": {"lines":{"total":8,"covered":7,"skipped":0,"pct":87.5},"functions":{"total":1,"covered":1,"skipped":0,"pct":100},"statements":{"total":8,"covered":7,"skipped":0,"pct":87.5},"branches":{"total":8,"covered":6,"skipped":0,"pct":75}}
,"/Users/yo_kuro/devNest/src/components/notifications/NotificationItem.tsx": {"lines":{"total":4,"covered":4,"skipped":0,"pct":100},"functions":{"total":3,"covered":3,"skipped":0,"pct":100},"statements":{"total":4,"covered":4,"skipped":0,"pct":100},"branches":{"total":10,"covered":10,"skipped":0,"pct":100}}
,"/Users/yo_kuro/devNest/src/components/notifications/PermissionBanner.tsx": {"lines":{"total":4,"covered":4,"skipped":0,"pct":100},"functions":{"total":1,"covered":1,"skipped":0,"pct":100},"statements":{"total":5,"covered":5,"skipped":0,"pct":100},"branches":{"total":4,"covered":4,"skipped":0,"pct":100}}
,"/Users/yo_kuro/devNest/src/components/pr/DiffHunkWithComments.tsx": {"lines":{"total":7,"covered":7,"skipped":0,"pct":100},"functions":{"total":5,"covered":5,"skipped":0,"pct":100},"statements":{"total":8,"covered":8,"skipped":0,"pct":100},"branches":{"total":16,"covered":15,"skipped":0,"pct":93.75}}
,"/Users/yo_kuro/devNest/src/components/pr/FileDiff.tsx": {"lines":{"total":4,"covered":4,"skipped":0,"pct":100},"functions":{"total":4,"covered":4,"skipped":0,"pct":100},"statements":{"total":5,"covered":5,"skipped":0,"pct":100},"branches":{"total":5,"covered":5,"skipped":0,"pct":100}}
,"/Users/yo_kuro/devNest/src/components/pr/FileDiffHeader.tsx": {"lines":{"total":1,"covered":1,"skipped":0,"pct":100},"functions":{"total":1,"covered":1,"skipped":0,"pct":100},"statements":{"total":1,"covered":1,"skipped":0,"pct":100},"branches":{"total":1,"covered":1,"skipped":0,"pct":100}}
,"/Users/yo_kuro/devNest/src/components/pr/InlineComment.tsx": {"lines":{"total":2,"covered":2,"skipped":0,"pct":100},"functions":{"total":1,"covered":1,"skipped":0,"pct":100},"statements":{"total":2,"covered":2,"skipped":0,"pct":100},"branches":{"total":2,"covered":2,"skipped":0,"pct":100}}
,"/Users/yo_kuro/devNest/src/components/pr/MergePanel.tsx": {"lines":{"total":4,"covered":4,"skipped":0,"pct":100},"functions":{"total":1,"covered":1,"skipped":0,"pct":100},"statements":{"total":4,"covered":4,"skipped":0,"pct":100},"branches":{"total":11,"covered":11,"skipped":0,"pct":100}}
,"/Users/yo_kuro/devNest/src/components/pr/PRDescriptionPanel.tsx": {"lines":{"total":2,"covered":2,"skipped":0,"pct":100},"functions":{"total":1,"covered":1,"skipped":0,"pct":100},"statements":{"total":2,"covered":2,"skipped":0,"pct":100},"branches":{"total":4,"covered":4,"skipped":0,"pct":100}}
,"/Users/yo_kuro/devNest/src/components/pr/PRDetailHeader.tsx": {"lines":{"total":13,"covered":13,"skipped":0,"pct":100},"functions":{"total":3,"covered":3,"skipped":0,"pct":100},"statements":{"total":13,"covered":13,"skipped":0,"pct":100},"branches":{"total":14,"covered":14,"skipped":0,"pct":100}}
,"/Users/yo_kuro/devNest/src/components/pr/PRDetailTabs.tsx": {"lines":{"total":6,"covered":6,"skipped":0,"pct":100},"functions":{"total":3,"covered":3,"skipped":0,"pct":100},"statements":{"total":6,"covered":6,"skipped":0,"pct":100},"branches":{"total":14,"covered":12,"skipped":0,"pct":85.71}}
,"/Users/yo_kuro/devNest/src/components/pr/PRFilterBar.tsx": {"lines":{"total":9,"covered":9,"skipped":0,"pct":100},"functions":{"total":7,"covered":7,"skipped":0,"pct":100},"statements":{"total":12,"covered":12,"skipped":0,"pct":100},"branches":{"total":18,"covered":17,"skipped":0,"pct":94.44}}
,"/Users/yo_kuro/devNest/src/components/pr/PRList.tsx": {"lines":{"total":7,"covered":7,"skipped":0,"pct":100},"functions":{"total":3,"covered":3,"skipped":0,"pct":100},"statements":{"total":7,"covered":7,"skipped":0,"pct":100},"branches":{"total":4,"covered":4,"skipped":0,"pct":100}}
,"/Users/yo_kuro/devNest/src/components/pr/PRListItem.tsx": {"lines":{"total":10,"covered":10,"skipped":0,"pct":100},"functions":{"total":3,"covered":3,"skipped":0,"pct":100},"statements":{"total":13,"covered":13,"skipped":0,"pct":100},"branches":{"total":16,"covered":16,"skipped":0,"pct":100}}
,"/Users/yo_kuro/devNest/src/components/pr/ReviewItem.tsx": {"lines":{"total":3,"covered":3,"skipped":0,"pct":100},"functions":{"total":2,"covered":2,"skipped":0,"pct":100},"statements":{"total":3,"covered":3,"skipped":0,"pct":100},"branches":{"total":10,"covered":10,"skipped":0,"pct":100}}
,"/Users/yo_kuro/devNest/src/components/pr/ReviewList.tsx": {"lines":{"total":2,"covered":2,"skipped":0,"pct":100},"functions":{"total":2,"covered":2,"skipped":0,"pct":100},"statements":{"total":2,"covered":2,"skipped":0,"pct":100},"branches":{"total":2,"covered":2,"skipped":0,"pct":100}}
,"/Users/yo_kuro/devNest/src/components/pr/ReviewPanel.tsx": {"lines":{"total":9,"covered":8,"skipped":0,"pct":88.88},"functions":{"total":5,"covered":4,"skipped":0,"pct":80},"statements":{"total":9,"covered":8,"skipped":0,"pct":88.88},"branches":{"total":4,"covered":4,"skipped":0,"pct":100}}
,"/Users/yo_kuro/devNest/src/components/pr/TabCodeDiff.tsx": {"lines":{"total":24,"covered":23,"skipped":0,"pct":95.83},"functions":{"total":12,"covered":11,"skipped":0,"pct":91.66},"statements":{"total":26,"covered":24,"skipped":0,"pct":92.3},"branches":{"total":25,"covered":23,"skipped":0,"pct":92}}
,"/Users/yo_kuro/devNest/src/components/pr/TabOverview.tsx": {"lines":{"total":3,"covered":3,"skipped":0,"pct":100},"functions":{"total":2,"covered":2,"skipped":0,"pct":100},"statements":{"total":3,"covered":3,"skipped":0,"pct":100},"branches":{"total":2,"covered":2,"skipped":0,"pct":100}}
,"/Users/yo_kuro/devNest/src/components/search/DocumentPreview.tsx": {"lines":{"total":6,"covered":6,"skipped":0,"pct":100},"functions":{"total":3,"covered":3,"skipped":0,"pct":100},"statements":{"total":6,"covered":6,"skipped":0,"pct":100},"branches":{"total":4,"covered":3,"skipped":0,"pct":75}}
,"/Users/yo_kuro/devNest/src/components/search/SearchBar.tsx": {"lines":{"total":10,"covered":10,"skipped":0,"pct":100},"functions":{"total":10,"covered":10,"skipped":0,"pct":100},"statements":{"total":11,"covered":11,"skipped":0,"pct":100},"branches":{"total":12,"covered":12,"skipped":0,"pct":100}}
,"/Users/yo_kuro/devNest/src/components/search/SearchResultItem.tsx": {"lines":{"total":2,"covered":2,"skipped":0,"pct":100},"functions":{"total":1,"covered":1,"skipped":0,"pct":100},"statements":{"total":2,"covered":2,"skipped":0,"pct":100},"branches":{"total":6,"covered":6,"skipped":0,"pct":100}}
,"/Users/yo_kuro/devNest/src/components/search/SearchResultList.tsx": {"lines":{"total":7,"covered":7,"skipped":0,"pct":100},"functions":{"total":3,"covered":3,"skipped":0,"pct":100},"statements":{"total":7,"covered":7,"skipped":0,"pct":100},"branches":{"total":10,"covered":10,"skipped":0,"pct":100}}
,"/Users/yo_kuro/devNest/src/components/shared/AsyncButton.tsx": {"lines":{"total":3,"covered":3,"skipped":0,"pct":100},"functions":{"total":1,"covered":1,"skipped":0,"pct":100},"statements":{"total":3,"covered":3,"skipped":0,"pct":100},"branches":{"total":10,"covered":10,"skipped":0,"pct":100}}
,"/Users/yo_kuro/devNest/src/components/shared/FilePicker.tsx": {"lines":{"total":6,"covered":6,"skipped":0,"pct":100},"functions":{"total":2,"covered":2,"skipped":0,"pct":100},"statements":{"total":7,"covered":6,"skipped":0,"pct":85.71},"branches":{"total":9,"covered":8,"skipped":0,"pct":88.88}}
,"/Users/yo_kuro/devNest/src/components/shared/IndexProgressBar.tsx": {"lines":{"total":2,"covered":2,"skipped":0,"pct":100},"functions":{"total":1,"covered":1,"skipped":0,"pct":100},"statements":{"total":2,"covered":2,"skipped":0,"pct":100},"branches":{"total":4,"covered":4,"skipped":0,"pct":100}}
,"/Users/yo_kuro/devNest/src/components/shared/RingIndicator.tsx": {"lines":{"total":3,"covered":3,"skipped":0,"pct":100},"functions":{"total":1,"covered":1,"skipped":0,"pct":100},"statements":{"total":3,"covered":3,"skipped":0,"pct":100},"branches":{"total":4,"covered":4,"skipped":0,"pct":100}}
,"/Users/yo_kuro/devNest/src/components/shared/SetupStepDots.tsx": {"lines":{"total":6,"covered":6,"skipped":0,"pct":100},"functions":{"total":3,"covered":3,"skipped":0,"pct":100},"statements":{"total":7,"covered":7,"skipped":0,"pct":100},"branches":{"total":12,"covered":12,"skipped":0,"pct":100}}
,"/Users/yo_kuro/devNest/src/components/shared/StatusPill.tsx": {"lines":{"total":5,"covered":5,"skipped":0,"pct":100},"functions":{"total":1,"covered":1,"skipped":0,"pct":100},"statements":{"total":6,"covered":6,"skipped":0,"pct":100},"branches":{"total":4,"covered":4,"skipped":0,"pct":100}}
,"/Users/yo_kuro/devNest/src/components/swarm/CrashRecoveryDialog.tsx": {"lines":{"total":13,"covered":13,"skipped":0,"pct":100},"functions":{"total":8,"covered":8,"skipped":0,"pct":100},"statements":{"total":16,"covered":16,"skipped":0,"pct":100},"branches":{"total":6,"covered":6,"skipped":0,"pct":100}}
,"/Users/yo_kuro/devNest/src/components/swarm/GuardViolationDialog.tsx": {"lines":{"total":14,"covered":14,"skipped":0,"pct":100},"functions":{"total":8,"covered":8,"skipped":0,"pct":100},"statements":{"total":19,"covered":19,"skipped":0,"pct":100},"branches":{"total":12,"covered":11,"skipped":0,"pct":91.66}}
,"/Users/yo_kuro/devNest/src/components/swarm/OrchestratorPanel.tsx": {"lines":{"total":85,"covered":73,"skipped":0,"pct":85.88},"functions":{"total":50,"covered":38,"skipped":0,"pct":76},"statements":{"total":102,"covered":86,"skipped":0,"pct":84.31},"branches":{"total":104,"covered":56,"skipped":0,"pct":53.84}}
,"/Users/yo_kuro/devNest/src/components/swarm/ResultSummaryPanel.tsx": {"lines":{"total":25,"covered":25,"skipped":0,"pct":100},"functions":{"total":10,"covered":10,"skipped":0,"pct":100},"statements":{"total":27,"covered":27,"skipped":0,"pct":100},"branches":{"total":26,"covered":19,"skipped":0,"pct":73.07}}
,"/Users/yo_kuro/devNest/src/components/swarm/RoleSelector.tsx": {"lines":{"total":4,"covered":0,"skipped":0,"pct":0},"functions":{"total":3,"covered":0,"skipped":0,"pct":0},"statements":{"total":4,"covered":0,"skipped":0,"pct":0},"branches":{"total":0,"covered":0,"skipped":0,"pct":100}}
,"/Users/yo_kuro/devNest/src/components/swarm/SwarmConflictView.tsx": {"lines":{"total":66,"covered":63,"skipped":0,"pct":95.45},"functions":{"total":12,"covered":11,"skipped":0,"pct":91.66},"statements":{"total":69,"covered":64,"skipped":0,"pct":92.75},"branches":{"total":42,"covered":34,"skipped":0,"pct":80.95}}
,"/Users/yo_kuro/devNest/src/components/swarm/SwarmPage.tsx": {"lines":{"total":3,"covered":3,"skipped":0,"pct":100},"functions":{"total":2,"covered":2,"skipped":0,"pct":100},"statements":{"total":4,"covered":4,"skipped":0,"pct":100},"branches":{"total":4,"covered":4,"skipped":0,"pct":100}}
,"/Users/yo_kuro/devNest/src/components/swarm/TerminalGrid.tsx": {"lines":{"total":46,"covered":46,"skipped":0,"pct":100},"functions":{"total":25,"covered":25,"skipped":0,"pct":100},"statements":{"total":59,"covered":58,"skipped":0,"pct":98.3},"branches":{"total":31,"covered":30,"skipped":0,"pct":96.77}}
,"/Users/yo_kuro/devNest/src/components/swarm/XtermPane.tsx": {"lines":{"total":58,"covered":58,"skipped":0,"pct":100},"functions":{"total":17,"covered":14,"skipped":0,"pct":82.35},"statements":{"total":64,"covered":62,"skipped":0,"pct":96.87},"branches":{"total":32,"covered":26,"skipped":0,"pct":81.25}}
,"/Users/yo_kuro/devNest/src/components/swarm/types.ts": {"lines":{"total":3,"covered":3,"skipped":0,"pct":100},"functions":{"total":0,"covered":0,"skipped":0,"pct":100},"statements":{"total":3,"covered":3,"skipped":0,"pct":100},"branches":{"total":0,"covered":0,"skipped":0,"pct":100}}
,"/Users/yo_kuro/devNest/src/components/terminal/PRCreateModal.tsx": {"lines":{"total":8,"covered":8,"skipped":0,"pct":100},"functions":{"total":5,"covered":5,"skipped":0,"pct":100},"statements":{"total":9,"covered":9,"skipped":0,"pct":100},"branches":{"total":11,"covered":11,"skipped":0,"pct":100}}
,"/Users/yo_kuro/devNest/src/components/terminal/PRCreatedBanner.tsx": {"lines":{"total":1,"covered":1,"skipped":0,"pct":100},"functions":{"total":1,"covered":1,"skipped":0,"pct":100},"statements":{"total":1,"covered":1,"skipped":0,"pct":100},"branches":{"total":2,"covered":2,"skipped":0,"pct":100}}
,"/Users/yo_kuro/devNest/src/components/terminal/PRReadyBanner.tsx": {"lines":{"total":1,"covered":1,"skipped":0,"pct":100},"functions":{"total":1,"covered":1,"skipped":0,"pct":100},"statements":{"total":1,"covered":1,"skipped":0,"pct":100},"branches":{"total":2,"covered":2,"skipped":0,"pct":100}}
,"/Users/yo_kuro/devNest/src/components/ui/badge.tsx": {"lines":{"total":2,"covered":2,"skipped":0,"pct":100},"functions":{"total":1,"covered":1,"skipped":0,"pct":100},"statements":{"total":2,"covered":2,"skipped":0,"pct":100},"branches":{"total":0,"covered":0,"skipped":0,"pct":100}}
,"/Users/yo_kuro/devNest/src/components/ui/button.tsx": {"lines":{"total":5,"covered":5,"skipped":0,"pct":100},"functions":{"total":1,"covered":1,"skipped":0,"pct":100},"statements":{"total":5,"covered":5,"skipped":0,"pct":100},"branches":{"total":3,"covered":2,"skipped":0,"pct":66.66}}
,"/Users/yo_kuro/devNest/src/components/ui/card.tsx": {"lines":{"total":15,"covered":15,"skipped":0,"pct":100},"functions":{"total":5,"covered":5,"skipped":0,"pct":100},"statements":{"total":15,"covered":15,"skipped":0,"pct":100},"branches":{"total":0,"covered":0,"skipped":0,"pct":100}}
,"/Users/yo_kuro/devNest/src/components/ui/dialog.tsx": {"lines":{"total":22,"covered":22,"skipped":0,"pct":100},"functions":{"total":6,"covered":6,"skipped":0,"pct":100},"statements":{"total":22,"covered":22,"skipped":0,"pct":100},"branches":{"total":0,"covered":0,"skipped":0,"pct":100}}
,"/Users/yo_kuro/devNest/src/components/ui/input.tsx": {"lines":{"total":3,"covered":3,"skipped":0,"pct":100},"functions":{"total":1,"covered":1,"skipped":0,"pct":100},"statements":{"total":3,"covered":3,"skipped":0,"pct":100},"branches":{"total":0,"covered":0,"skipped":0,"pct":100}}
,"/Users/yo_kuro/devNest/src/components/ui/label.tsx": {"lines":{"total":4,"covered":4,"skipped":0,"pct":100},"functions":{"total":1,"covered":1,"skipped":0,"pct":100},"statements":{"total":4,"covered":4,"skipped":0,"pct":100},"branches":{"total":0,"covered":0,"skipped":0,"pct":100}}
,"/Users/yo_kuro/devNest/src/components/ui/scroll-area.tsx": {"lines":{"total":6,"covered":6,"skipped":0,"pct":100},"functions":{"total":2,"covered":2,"skipped":0,"pct":100},"statements":{"total":6,"covered":6,"skipped":0,"pct":100},"branches":{"total":5,"covered":5,"skipped":0,"pct":100}}
,"/Users/yo_kuro/devNest/src/components/ui/separator.tsx": {"lines":{"total":3,"covered":3,"skipped":0,"pct":100},"functions":{"total":1,"covered":1,"skipped":0,"pct":100},"statements":{"total":3,"covered":3,"skipped":0,"pct":100},"branches":{"total":4,"covered":4,"skipped":0,"pct":100}}
,"/Users/yo_kuro/devNest/src/components/ui/switch.tsx": {"lines":{"total":3,"covered":3,"skipped":0,"pct":100},"functions":{"total":1,"covered":1,"skipped":0,"pct":100},"statements":{"total":3,"covered":3,"skipped":0,"pct":100},"branches":{"total":0,"covered":0,"skipped":0,"pct":100}}
,"/Users/yo_kuro/devNest/src/components/ui/tabs.tsx": {"lines":{"total":10,"covered":10,"skipped":0,"pct":100},"functions":{"total":3,"covered":3,"skipped":0,"pct":100},"statements":{"total":10,"covered":10,"skipped":0,"pct":100},"branches":{"total":0,"covered":0,"skipped":0,"pct":100}}
,"/Users/yo_kuro/devNest/src/components/ui/textarea.tsx": {"lines":{"total":3,"covered":3,"skipped":0,"pct":100},"functions":{"total":1,"covered":1,"skipped":0,"pct":100},"statements":{"total":3,"covered":3,"skipped":0,"pct":100},"branches":{"total":0,"covered":0,"skipped":0,"pct":100}}
,"/Users/yo_kuro/devNest/src/components/ui/tooltip.tsx": {"lines":{"total":6,"covered":5,"skipped":0,"pct":83.33},"functions":{"total":1,"covered":0,"skipped":0,"pct":0},"statements":{"total":6,"covered":5,"skipped":0,"pct":83.33},"branches":{"total":1,"covered":0,"skipped":0,"pct":0}}
,"/Users/yo_kuro/devNest/src/hooks/useRingNotification.ts": {"lines":{"total":19,"covered":18,"skipped":0,"pct":94.73},"functions":{"total":16,"covered":15,"skipped":0,"pct":93.75},"statements":{"total":27,"covered":26,"skipped":0,"pct":96.29},"branches":{"total":2,"covered":2,"skipped":0,"pct":100}}
,"/Users/yo_kuro/devNest/src/lib/diffParser.ts": {"lines":{"total":32,"covered":32,"skipped":0,"pct":100},"functions":{"total":1,"covered":1,"skipped":0,"pct":100},"statements":{"total":36,"covered":36,"skipped":0,"pct":100},"branches":{"total":20,"covered":19,"skipped":0,"pct":95}}
,"/Users/yo_kuro/devNest/src/lib/highlightKeyword.ts": {"lines":{"total":5,"covered":5,"skipped":0,"pct":100},"functions":{"total":2,"covered":2,"skipped":0,"pct":100},"statements":{"total":6,"covered":6,"skipped":0,"pct":100},"branches":{"total":4,"covered":4,"skipped":0,"pct":100}}
,"/Users/yo_kuro/devNest/src/lib/ipc.ts": {"lines":{"total":119,"covered":119,"skipped":0,"pct":100},"functions":{"total":109,"covered":109,"skipped":0,"pct":100},"statements":{"total":215,"covered":215,"skipped":0,"pct":100},"branches":{"total":2,"covered":2,"skipped":0,"pct":100}}
,"/Users/yo_kuro/devNest/src/lib/langDetect.ts": {"lines":{"total":24,"covered":24,"skipped":0,"pct":100},"functions":{"total":2,"covered":2,"skipped":0,"pct":100},"statements":{"total":24,"covered":24,"skipped":0,"pct":100},"branches":{"total":22,"covered":19,"skipped":0,"pct":86.36}}
,"/Users/yo_kuro/devNest/src/lib/relativeTime.ts": {"lines":{"total":7,"covered":7,"skipped":0,"pct":100},"functions":{"total":1,"covered":1,"skipped":0,"pct":100},"statements":{"total":10,"covered":10,"skipped":0,"pct":100},"branches":{"total":6,"covered":6,"skipped":0,"pct":100}}
,"/Users/yo_kuro/devNest/src/lib/utils.ts": {"lines":{"total":1,"covered":1,"skipped":0,"pct":100},"functions":{"total":1,"covered":1,"skipped":0,"pct":100},"statements":{"total":1,"covered":1,"skipped":0,"pct":100},"branches":{"total":0,"covered":0,"skipped":0,"pct":100}}
,"/Users/yo_kuro/devNest/src/screens/AgentControlScreen.tsx": {"lines":{"total":15,"covered":15,"skipped":0,"pct":100},"functions":{"total":12,"covered":12,"skipped":0,"pct":100},"statements":{"total":17,"covered":17,"skipped":0,"pct":100},"branches":{"total":22,"covered":22,"skipped":0,"pct":100}}
,"/Users/yo_kuro/devNest/src/screens/AnalyticsScreen.tsx": {"lines":{"total":29,"covered":29,"skipped":0,"pct":100},"functions":{"total":12,"covered":12,"skipped":0,"pct":100},"statements":{"total":35,"covered":35,"skipped":0,"pct":100},"branches":{"total":49,"covered":48,"skipped":0,"pct":97.95}}
,"/Users/yo_kuro/devNest/src/screens/CollaborationScreen.tsx": {"lines":{"total":56,"covered":56,"skipped":0,"pct":100},"functions":{"total":22,"covered":22,"skipped":0,"pct":100},"statements":{"total":63,"covered":61,"skipped":0,"pct":96.82},"branches":{"total":59,"covered":53,"skipped":0,"pct":89.83}}
,"/Users/yo_kuro/devNest/src/screens/ConflictScreen.tsx": {"lines":{"total":41,"covered":39,"skipped":0,"pct":95.12},"functions":{"total":17,"covered":16,"skipped":0,"pct":94.11},"statements":{"total":45,"covered":42,"skipped":0,"pct":93.33},"branches":{"total":37,"covered":36,"skipped":0,"pct":97.29}}
,"/Users/yo_kuro/devNest/src/screens/EditorScreen.tsx": {"lines":{"total":179,"covered":158,"skipped":0,"pct":88.26},"functions":{"total":56,"covered":49,"skipped":0,"pct":87.5},"statements":{"total":210,"covered":178,"skipped":0,"pct":84.76},"branches":{"total":161,"covered":125,"skipped":0,"pct":77.63}}
,"/Users/yo_kuro/devNest/src/screens/FreshnessMapScreen.tsx": {"lines":{"total":39,"covered":39,"skipped":0,"pct":100},"functions":{"total":13,"covered":13,"skipped":0,"pct":100},"statements":{"total":47,"covered":46,"skipped":0,"pct":97.87},"branches":{"total":32,"covered":30,"skipped":0,"pct":93.75}}
,"/Users/yo_kuro/devNest/src/screens/HomeDashboardScreen.tsx": {"lines":{"total":45,"covered":45,"skipped":0,"pct":100},"functions":{"total":24,"covered":21,"skipped":0,"pct":87.5},"statements":{"total":50,"covered":50,"skipped":0,"pct":100},"branches":{"total":87,"covered":85,"skipped":0,"pct":97.7}}
,"/Users/yo_kuro/devNest/src/screens/IssuesScreen.tsx": {"lines":{"total":129,"covered":120,"skipped":0,"pct":93.02},"functions":{"total":54,"covered":46,"skipped":0,"pct":85.18},"statements":{"total":148,"covered":133,"skipped":0,"pct":89.86},"branches":{"total":113,"covered":102,"skipped":0,"pct":90.26}}
,"/Users/yo_kuro/devNest/src/screens/KanbanScreen.tsx": {"lines":{"total":42,"covered":42,"skipped":0,"pct":100},"functions":{"total":21,"covered":21,"skipped":0,"pct":100},"statements":{"total":54,"covered":53,"skipped":0,"pct":98.14},"branches":{"total":40,"covered":38,"skipped":0,"pct":95}}
,"/Users/yo_kuro/devNest/src/screens/MaintenanceScreen.tsx": {"lines":{"total":90,"covered":90,"skipped":0,"pct":100},"functions":{"total":49,"covered":49,"skipped":0,"pct":100},"statements":{"total":113,"covered":110,"skipped":0,"pct":97.34},"branches":{"total":126,"covered":98,"skipped":0,"pct":77.77}}
,"/Users/yo_kuro/devNest/src/screens/McpScreen.tsx": {"lines":{"total":45,"covered":45,"skipped":0,"pct":100},"functions":{"total":15,"covered":15,"skipped":0,"pct":100},"statements":{"total":50,"covered":49,"skipped":0,"pct":98},"branches":{"total":41,"covered":40,"skipped":0,"pct":97.56}}
,"/Users/yo_kuro/devNest/src/screens/NotificationsScreen.tsx": {"lines":{"total":11,"covered":11,"skipped":0,"pct":100},"functions":{"total":6,"covered":6,"skipped":0,"pct":100},"statements":{"total":12,"covered":12,"skipped":0,"pct":100},"branches":{"total":15,"covered":15,"skipped":0,"pct":100}}
,"/Users/yo_kuro/devNest/src/screens/PRScreen.tsx": {"lines":{"total":86,"covered":86,"skipped":0,"pct":100},"functions":{"total":69,"covered":69,"skipped":0,"pct":100},"statements":{"total":126,"covered":126,"skipped":0,"pct":100},"branches":{"total":44,"covered":43,"skipped":0,"pct":97.72}}
,"/Users/yo_kuro/devNest/src/screens/ProjectViewScreen.tsx": {"lines":{"total":11,"covered":11,"skipped":0,"pct":100},"functions":{"total":7,"covered":7,"skipped":0,"pct":100},"statements":{"total":12,"covered":12,"skipped":0,"pct":100},"branches":{"total":28,"covered":28,"skipped":0,"pct":100}}
,"/Users/yo_kuro/devNest/src/screens/SearchScreen.tsx": {"lines":{"total":26,"covered":26,"skipped":0,"pct":100},"functions":{"total":10,"covered":10,"skipped":0,"pct":100},"statements":{"total":32,"covered":31,"skipped":0,"pct":96.87},"branches":{"total":17,"covered":14,"skipped":0,"pct":82.35}}
,"/Users/yo_kuro/devNest/src/screens/SettingsScreen.tsx": {"lines":{"total":106,"covered":98,"skipped":0,"pct":92.45},"functions":{"total":43,"covered":37,"skipped":0,"pct":86.04},"statements":{"total":119,"covered":104,"skipped":0,"pct":87.39},"branches":{"total":88,"covered":77,"skipped":0,"pct":87.5}}
,"/Users/yo_kuro/devNest/src/screens/SetupScreen.tsx": {"lines":{"total":114,"covered":98,"skipped":0,"pct":85.96},"functions":{"total":45,"covered":38,"skipped":0,"pct":84.44},"statements":{"total":121,"covered":102,"skipped":0,"pct":84.29},"branches":{"total":89,"covered":71,"skipped":0,"pct":79.77}}
,"/Users/yo_kuro/devNest/src/screens/SprintScreen.tsx": {"lines":{"total":45,"covered":43,"skipped":0,"pct":95.55},"functions":{"total":22,"covered":20,"skipped":0,"pct":90.9},"statements":{"total":48,"covered":46,"skipped":0,"pct":95.83},"branches":{"total":30,"covered":29,"skipped":0,"pct":96.66}}
,"/Users/yo_kuro/devNest/src/screens/TerminalScreen.tsx": {"lines":{"total":101,"covered":90,"skipped":0,"pct":89.1},"functions":{"total":32,"covered":25,"skipped":0,"pct":78.12},"statements":{"total":123,"covered":106,"skipped":0,"pct":86.17},"branches":{"total":75,"covered":55,"skipped":0,"pct":73.33}}
,"/Users/yo_kuro/devNest/src/stores/aiStore.ts": {"lines":{"total":20,"covered":20,"skipped":0,"pct":100},"functions":{"total":6,"covered":6,"skipped":0,"pct":100},"statements":{"total":21,"covered":21,"skipped":0,"pct":100},"branches":{"total":4,"covered":4,"skipped":0,"pct":100}}
,"/Users/yo_kuro/devNest/src/stores/analyticsStore.ts": {"lines":{"total":16,"covered":16,"skipped":0,"pct":100},"functions":{"total":4,"covered":4,"skipped":0,"pct":100},"statements":{"total":17,"covered":17,"skipped":0,"pct":100},"branches":{"total":1,"covered":1,"skipped":0,"pct":100}}
,"/Users/yo_kuro/devNest/src/stores/conflictStore.ts": {"lines":{"total":49,"covered":48,"skipped":0,"pct":97.95},"functions":{"total":24,"covered":24,"skipped":0,"pct":100},"statements":{"total":59,"covered":57,"skipped":0,"pct":96.61},"branches":{"total":20,"covered":17,"skipped":0,"pct":85}}
,"/Users/yo_kuro/devNest/src/stores/documentStore.ts": {"lines":{"total":77,"covered":73,"skipped":0,"pct":94.8},"functions":{"total":29,"covered":26,"skipped":0,"pct":89.65},"statements":{"total":86,"covered":81,"skipped":0,"pct":94.18},"branches":{"total":24,"covered":18,"skipped":0,"pct":75}}
,"/Users/yo_kuro/devNest/src/stores/issueStore.ts": {"lines":{"total":74,"covered":74,"skipped":0,"pct":100},"functions":{"total":34,"covered":34,"skipped":0,"pct":100},"statements":{"total":82,"covered":82,"skipped":0,"pct":100},"branches":{"total":20,"covered":14,"skipped":0,"pct":70}}
,"/Users/yo_kuro/devNest/src/stores/kanbanStore.ts": {"lines":{"total":17,"covered":17,"skipped":0,"pct":100},"functions":{"total":6,"covered":6,"skipped":0,"pct":100},"statements":{"total":19,"covered":19,"skipped":0,"pct":100},"branches":{"total":2,"covered":2,"skipped":0,"pct":100}}
,"/Users/yo_kuro/devNest/src/stores/maintenanceStore.ts": {"lines":{"total":37,"covered":37,"skipped":0,"pct":100},"functions":{"total":8,"covered":8,"skipped":0,"pct":100},"statements":{"total":38,"covered":38,"skipped":0,"pct":100},"branches":{"total":1,"covered":1,"skipped":0,"pct":100}}
,"/Users/yo_kuro/devNest/src/stores/notificationsStore.ts": {"lines":{"total":44,"covered":42,"skipped":0,"pct":95.45},"functions":{"total":30,"covered":23,"skipped":0,"pct":76.66},"statements":{"total":58,"covered":53,"skipped":0,"pct":91.37},"branches":{"total":22,"covered":19,"skipped":0,"pct":86.36}}
,"/Users/yo_kuro/devNest/src/stores/prStore.ts": {"lines":{"total":95,"covered":93,"skipped":0,"pct":97.89},"functions":{"total":27,"covered":25,"skipped":0,"pct":92.59},"statements":{"total":102,"covered":99,"skipped":0,"pct":97.05},"branches":{"total":22,"covered":19,"skipped":0,"pct":86.36}}
,"/Users/yo_kuro/devNest/src/stores/projectStore.ts": {"lines":{"total":49,"covered":47,"skipped":0,"pct":95.91},"functions":{"total":19,"covered":16,"skipped":0,"pct":84.21},"statements":{"total":53,"covered":51,"skipped":0,"pct":96.22},"branches":{"total":14,"covered":12,"skipped":0,"pct":85.71}}
,"/Users/yo_kuro/devNest/src/stores/searchStore.ts": {"lines":{"total":30,"covered":30,"skipped":0,"pct":100},"functions":{"total":10,"covered":10,"skipped":0,"pct":100},"statements":{"total":33,"covered":33,"skipped":0,"pct":100},"branches":{"total":10,"covered":10,"skipped":0,"pct":100}}
,"/Users/yo_kuro/devNest/src/stores/settingsStore.ts": {"lines":{"total":48,"covered":48,"skipped":0,"pct":100},"functions":{"total":16,"covered":16,"skipped":0,"pct":100},"statements":{"total":49,"covered":49,"skipped":0,"pct":100},"branches":{"total":16,"covered":16,"skipped":0,"pct":100}}
,"/Users/yo_kuro/devNest/src/stores/swarmStore.ts": {"lines":{"total":36,"covered":36,"skipped":0,"pct":100},"functions":{"total":19,"covered":18,"skipped":0,"pct":94.73},"statements":{"total":42,"covered":42,"skipped":0,"pct":100},"branches":{"total":4,"covered":4,"skipped":0,"pct":100}}
,"/Users/yo_kuro/devNest/src/stores/terminalStore.ts": {"lines":{"total":33,"covered":33,"skipped":0,"pct":100},"functions":{"total":21,"covered":16,"skipped":0,"pct":76.19},"statements":{"total":40,"covered":38,"skipped":0,"pct":95},"branches":{"total":22,"covered":21,"skipped":0,"pct":95.45}}
,"/Users/yo_kuro/devNest/src/stores/uiStore.ts": {"lines":{"total":18,"covered":18,"skipped":0,"pct":100},"functions":{"total":14,"covered":14,"skipped":0,"pct":100},"statements":{"total":21,"covered":21,"skipped":0,"pct":100},"branches":{"total":8,"covered":7,"skipped":0,"pct":87.5}}
,"/Users/yo_kuro/devNest/src/types/index.ts": {"lines":{"total":0,"covered":0,"skipped":0,"pct":100},"functions":{"total":0,"covered":0,"skipped":0,"pct":100},"statements":{"total":0,"covered":0,"skipped":0,"pct":100},"branches":{"total":0,"covered":0,"skipped":0,"pct":100}}
}
